<?xml version="1.0" encoding="UTF-8"?>
<!-- Generated by org.testng.reporters.JUnitXMLReporter -->
<testsuite ignored="8" hostname="FIC-I7KL93" failures="9" tests="40" name="Test" time="1951.694" errors="0" timestamp="2025-06-12T17:37:57 IST">
  <testcase classname="com.evaa.chatbot.SendTranscriptionTest" name="enableCancelAppointmentSettingsFromAdmin" time="34.769"/>
  <testcase classname="com.evaa.chatbot.SendTranscriptionTest" name="Test_ideal_time_out_msg_after_2_minutes" time="161.161"/>
  <testcase classname="com.evaa.chatbot.SendTranscriptionTest" name="Test_send_transcription_is_working" time="41.461"/>
  <testcase classname="com.evaa.chatbot.SendTranscriptionTest" name="Test_show_error_when_sending_transcription_with_empty_email" time="7.63"/>
  <testcase classname="com.evaa.chatbot.SendTranscriptionTest" name="Test_show_error_when_transcription_sent_with_invalid_email" time="100.135">
    <skipped/>
  </testcase> <!-- Test_show_error_when_transcription_sent_with_invalid_email -->
  <testcase classname="com.evaa.chatbot.SendTranscriptionTest" name="Test_show_error_when_transcription_sent_with_invalid_email" time="100.125">
    <failure type="org.openqa.selenium.TimeoutException" message="Expected condition failed: waiting for visibility of Proxy element for: DefaultElementLocator &amp;apos;By.cssSelector: #chat-widget-push-to-talk &amp;gt; img&amp;apos; (tried for 50 second(s) with 500 milliseconds interval)">
      <![CDATA[org.openqa.selenium.TimeoutException: Expected condition failed: waiting for visibility of Proxy element for: DefaultElementLocator 'By.cssSelector: #chat-widget-push-to-talk > img' (tried for 50 second(s) with 500 milliseconds interval)
at org.openqa.selenium.support.ui.WebDriverWait.timeoutException(WebDriverWait.java:87)
at org.openqa.selenium.support.ui.FluentWait.until(FluentWait.java:231)
at com.evaa.chatbot.pom.BookAppointment.waitForElementVisible(BookAppointment.java:25)
at com.evaa.chatbot.pom.BookAppointment.openChatBot(BookAppointment.java:399)
at com.evaa.chatbot.SendTranscriptionTest.Test_show_error_when_transcription_sent_with_invalid_email(SendTranscriptionTest.java:88)
at java.base/java.util.ArrayList.forEach(ArrayList.java:1596)
Caused by: org.openqa.selenium.NoSuchElementException: no such element: Unable to locate element: {"method":"css selector","selector":"#chat-widget-push-to-talk > img"}
  (Session info: chrome=137.0.7151.69)
For documentation on this error, please visit: https://selenium.dev/exceptions/#no_such_element
Build info: version: '4.1.4', revision: '535d840ee2'
System info: host: 'FIC-I7KL93', ip: '172.20.10.13', os.name: 'Windows 10', os.arch: 'amd64', os.version: '10.0', java.version: '21.0.6'
Driver info: org.openqa.selenium.chrome.ChromeDriver
Command: [d2a96b10c41b6bc26536e09c56c1a73b, findElement {using=css selector, value=#chat-widget-push-to-talk > img}]
Capabilities {acceptInsecureCerts: false, browserName: chrome, browserVersion: 137.0.7151.69, chrome: {chromedriverVersion: 137.0.7151.70 (dfa4dc56b2ab..., userDataDir: C:\Users\Satish_G\AppData\L...}, fedcm:accounts: true, goog:chromeOptions: {debuggerAddress: localhost:52128}, javascriptEnabled: true, networkConnectionEnabled: false, pageLoadStrategy: normal, platform: WINDOWS, platformName: WINDOWS, proxy: Proxy(), se:cdp: ws://localhost:52128/devtoo..., se:cdpVersion: 137.0.7151.69, setWindowRect: true, strictFileInteractability: false, timeouts: {implicit: 0, pageLoad: 300000, script: 30000}, unhandledPromptBehavior: dismiss and notify, webauthn:extension:credBlob: true, webauthn:extension:largeBlob: true, webauthn:extension:minPinLength: true, webauthn:extension:prf: true, webauthn:virtualAuthenticators: true}
Session ID: d2a96b10c41b6bc26536e09c56c1a73b
at org.openqa.selenium.remote.codec.w3c.W3CHttpResponseCodec.createException(W3CHttpResponseCodec.java:200)
at org.openqa.selenium.remote.codec.w3c.W3CHttpResponseCodec.decode(W3CHttpResponseCodec.java:133)
at org.openqa.selenium.remote.codec.w3c.W3CHttpResponseCodec.decode(W3CHttpResponseCodec.java:53)
at org.openqa.selenium.remote.HttpCommandExecutor.execute(HttpCommandExecutor.java:184)
at org.openqa.selenium.remote.service.DriverCommandExecutor.invokeExecute(DriverCommandExecutor.java:167)
at org.openqa.selenium.remote.service.DriverCommandExecutor.execute(DriverCommandExecutor.java:142)
at org.openqa.selenium.remote.RemoteWebDriver.execute(RemoteWebDriver.java:567)
at org.openqa.selenium.remote.ElementLocation$ElementFinder$2.findElement(ElementLocation.java:162)
at org.openqa.selenium.remote.ElementLocation.findElement(ElementLocation.java:60)
at org.openqa.selenium.remote.RemoteWebDriver.findElement(RemoteWebDriver.java:385)
at org.openqa.selenium.remote.RemoteWebDriver.findElement(RemoteWebDriver.java:377)
at org.openqa.selenium.support.pagefactory.DefaultElementLocator.findElement(DefaultElementLocator.java:70)
at org.openqa.selenium.support.pagefactory.internal.LocatingElementHandler.invoke(LocatingElementHandler.java:39)
at jdk.proxy2/jdk.proxy2.$Proxy34.isDisplayed(Unknown Source)
at org.openqa.selenium.support.ui.ExpectedConditions.elementIfVisible(ExpectedConditions.java:307)
at org.openqa.selenium.support.ui.ExpectedConditions.access$000(ExpectedConditions.java:40)
at org.openqa.selenium.support.ui.ExpectedConditions$10.apply(ExpectedConditions.java:293)
at org.openqa.selenium.support.ui.ExpectedConditions$10.apply(ExpectedConditions.java:290)
at org.openqa.selenium.support.ui.FluentWait.until(FluentWait.java:208)
... 29 more
... Removed 28 stack frames]]>
    </failure>
  </testcase> <!-- Test_show_error_when_transcription_sent_with_invalid_email -->
  <testcase classname="com.evaa.chatbot.AppointmentCancelTest" name="enableCancelAppointmentSettingsFromAdmin" time="22.22"/>
  <testcase classname="com.evaa.chatbot.AppointmentCancelTest" name="bookAppointment" time="50.103"/>
  <testcase classname="com.evaa.chatbot.AppointmentCancelTest" name="cancelAppointmentForExistingPatient" time="26.284"/>
  <testcase classname="com.evaa.chatbot.AppointmentCancelTest" name="cancelAppointmentForNewPatient" time="43.306"/>
  <testcase classname="com.evaa.chatbot.AppointmentCancelTest" name="DisableCancelAppointmentSettingsInPreferences" time="4.341">
    <skipped/>
  </testcase> <!-- DisableCancelAppointmentSettingsInPreferences -->
  <testcase classname="com.evaa.chatbot.AppointmentCancelTest" name="DisableCancelAppointmentSettingsInPreferences" time="12.38"/>
  <testcase classname="com.evaa.chatbot.AppointmentCancelTest" name="TestCancelAppointmentDisable" time="8.108"/>
  <testcase classname="com.evaa.chatbot.AppointmentStatusTest" name="Enable_status_checking_from_admin" time="30.111"/>
  <testcase classname="com.evaa.chatbot.AppointmentStatusTest" name="Test_book_appointment_without_insurance" time="33.445">
    <skipped/>
  </testcase> <!-- Test_book_appointment_without_insurance -->
  <testcase classname="com.evaa.chatbot.AppointmentStatusTest" name="Test_book_appointment_without_insurance" time="9.543">
    <failure type="org.openqa.selenium.ElementClickInterceptedException" message="element click intercepted: Element is not clickable at point (1398, 1062)
  (Session info: chrome=137.0.7151.69)
Build info: version: &amp;apos;4.1.4&amp;apos;, revision: &amp;apos;535d840ee2&amp;apos;
System info: host: &amp;apos;FIC-I7KL93&amp;apos;, ip: &amp;apos;172.20.10.13&amp;apos;, os.name: &amp;apos;Windows 10&amp;apos;, os.arch: &amp;apos;amd64&amp;apos;, os.version: &amp;apos;10.0&amp;apos;, java.version: &amp;apos;21.0.6&amp;apos;
Driver info: org.openqa.selenium.chrome.ChromeDriver
Command: [69eb6609c1ffde65054bbc9d50711944, clickElement {id=f.AF0D6EEAF42D419B5EFE6068DBAE278A.d.83D68A68EF8BE590C933C2778052B5FB.e.3142}]
Capabilities {acceptInsecureCerts: false, browserName: chrome, browserVersion: 137.0.7151.69, chrome: {chromedriverVersion: 137.0.7151.70 (dfa4dc56b2ab..., userDataDir: C:\Users\Satish_G\AppData\L...}, fedcm:accounts: true, goog:chromeOptions: {debuggerAddress: localhost:53040}, javascriptEnabled: true, networkConnectionEnabled: false, pageLoadStrategy: normal, platform: WINDOWS, platformName: WINDOWS, proxy: Proxy(), se:cdp: ws://localhost:53040/devtoo..., se:cdpVersion: 137.0.7151.69, setWindowRect: true, strictFileInteractability: false, timeouts: {implicit: 0, pageLoad: 300000, script: 30000}, unhandledPromptBehavior: dismiss and notify, webauthn:extension:credBlob: true, webauthn:extension:largeBlob: true, webauthn:extension:minPinLength: true, webauthn:extension:prf: true, webauthn:virtualAuthenticators: true}
Element: [[ChromeDriver: chrome on WINDOWS (69eb6609c1ffde65054bbc9d50711944)] -&amp;gt; xpath: //button[@id=&amp;apos;chat_submit&amp;apos;]]
Session ID: 69eb6609c1ffde65054bbc9d50711944">
      <![CDATA[org.openqa.selenium.ElementClickInterceptedException: element click intercepted: Element is not clickable at point (1398, 1062)
  (Session info: chrome=137.0.7151.69)
Build info: version: '4.1.4', revision: '535d840ee2'
System info: host: 'FIC-I7KL93', ip: '172.20.10.13', os.name: 'Windows 10', os.arch: 'amd64', os.version: '10.0', java.version: '21.0.6'
Driver info: org.openqa.selenium.chrome.ChromeDriver
Command: [69eb6609c1ffde65054bbc9d50711944, clickElement {id=f.AF0D6EEAF42D419B5EFE6068DBAE278A.d.83D68A68EF8BE590C933C2778052B5FB.e.3142}]
Capabilities {acceptInsecureCerts: false, browserName: chrome, browserVersion: 137.0.7151.69, chrome: {chromedriverVersion: 137.0.7151.70 (dfa4dc56b2ab..., userDataDir: C:\Users\Satish_G\AppData\L...}, fedcm:accounts: true, goog:chromeOptions: {debuggerAddress: localhost:53040}, javascriptEnabled: true, networkConnectionEnabled: false, pageLoadStrategy: normal, platform: WINDOWS, platformName: WINDOWS, proxy: Proxy(), se:cdp: ws://localhost:53040/devtoo..., se:cdpVersion: 137.0.7151.69, setWindowRect: true, strictFileInteractability: false, timeouts: {implicit: 0, pageLoad: 300000, script: 30000}, unhandledPromptBehavior: dismiss and notify, webauthn:extension:credBlob: true, webauthn:extension:largeBlob: true, webauthn:extension:minPinLength: true, webauthn:extension:prf: true, webauthn:virtualAuthenticators: true}
Element: [[ChromeDriver: chrome on WINDOWS (69eb6609c1ffde65054bbc9d50711944)] -> xpath: //button[@id='chat_submit']]
Session ID: 69eb6609c1ffde65054bbc9d50711944
at org.openqa.selenium.remote.codec.w3c.W3CHttpResponseCodec.createException(W3CHttpResponseCodec.java:200)
at org.openqa.selenium.remote.codec.w3c.W3CHttpResponseCodec.decode(W3CHttpResponseCodec.java:133)
at org.openqa.selenium.remote.codec.w3c.W3CHttpResponseCodec.decode(W3CHttpResponseCodec.java:53)
at org.openqa.selenium.remote.HttpCommandExecutor.execute(HttpCommandExecutor.java:184)
at org.openqa.selenium.remote.service.DriverCommandExecutor.invokeExecute(DriverCommandExecutor.java:167)
at org.openqa.selenium.remote.service.DriverCommandExecutor.execute(DriverCommandExecutor.java:142)
at org.openqa.selenium.remote.RemoteWebDriver.execute(RemoteWebDriver.java:567)
at org.openqa.selenium.remote.RemoteWebElement.execute(RemoteWebElement.java:251)
at org.openqa.selenium.remote.RemoteWebElement.click(RemoteWebElement.java:77)
at com.evaa.chatbot.AppointmentStatusTest.Test_book_appointment_without_insurance(AppointmentStatusTest.java:81)
at java.base/java.util.ArrayList.forEach(ArrayList.java:1596)
... Removed 28 stack frames]]>
    </failure>
  </testcase> <!-- Test_book_appointment_without_insurance -->
  <testcase classname="com.evaa.chatbot.AppointmentStatusTest" name="Test_appointment_status_for_existing_patient" time="68.048">
    <skipped/>
  </testcase> <!-- Test_appointment_status_for_existing_patient -->
  <testcase classname="com.evaa.chatbot.AppointmentStatusTest" name="Test_appointment_status_for_existing_patient" time="92.132">
    <failure type="java.lang.NullPointerException" message="Cannot invoke &amp;quot;String.contains(java.lang.CharSequence)&amp;quot; because &amp;quot;this.chatMessage&amp;quot; is null">
      <![CDATA[java.lang.NullPointerException: Cannot invoke "String.contains(java.lang.CharSequence)" because "this.chatMessage" is null
at com.evaa.chatbot.AppointmentStatusTest.verifyTheDetials(AppointmentStatusTest.java:185)
at com.evaa.chatbot.AppointmentStatusTest.Test_appointment_status_for_existing_patient(AppointmentStatusTest.java:116)
at java.base/java.util.ArrayList.forEach(ArrayList.java:1596)
... Removed 25 stack frames]]>
    </failure>
  </testcase> <!-- Test_appointment_status_for_existing_patient -->
  <testcase classname="com.evaa.chatbot.AppointmentStatusTest" name="Test_appointment_status_for_new_patient" time="73.188"/>
  <testcase classname="com.evaa.chatbot.OpticalOrderCheckTest" name="enableOpticalOrderCheckSettingsFromAdmin" time="29.115"/>
  <testcase classname="com.evaa.chatbot.OpticalOrderCheckTest" name="check_optical_order_status_for_new_user" time="35.317"/>
  <testcase classname="com.evaa.chatbot.OpticalOrderCheckTest" name="DisableOpticalOrderCheckSettingsFromAdmin" time="101.97">
    <skipped/>
  </testcase> <!-- DisableOpticalOrderCheckSettingsFromAdmin -->
  <testcase classname="com.evaa.chatbot.OpticalOrderCheckTest" name="DisableOpticalOrderCheckSettingsFromAdmin" time="103.504">
    <failure type="org.openqa.selenium.TimeoutException" message="Expected condition failed: waiting for visibility of Proxy element for: DefaultElementLocator &amp;apos;By.xpath: //button[text()=&amp;apos; MaximEyes&amp;apos;]&amp;apos; (tried for 50 second(s) with 500 milliseconds interval)">
      <![CDATA[org.openqa.selenium.TimeoutException: Expected condition failed: waiting for visibility of Proxy element for: DefaultElementLocator 'By.xpath: //button[text()=' MaximEyes']' (tried for 50 second(s) with 500 milliseconds interval)
at org.openqa.selenium.support.ui.WebDriverWait.timeoutException(WebDriverWait.java:87)
at org.openqa.selenium.support.ui.FluentWait.until(FluentWait.java:231)
at com.evaa.chatbot.pom.BookAppointment.waitForElementVisible(BookAppointment.java:25)
at com.evaa.chatbot.pom.BookAppointment.loginWithMaximEyes(BookAppointment.java:267)
at com.evaa.chatbot.OpticalOrderCheckTest.DisableOpticalOrderCheckSettingsFromAdmin(OpticalOrderCheckTest.java:59)
at java.base/java.util.ArrayList.forEach(ArrayList.java:1596)
Caused by: org.openqa.selenium.NoSuchElementException: no such element: Unable to locate element: {"method":"xpath","selector":"//button[text()=' MaximEyes']"}
  (Session info: chrome=137.0.7151.69)
For documentation on this error, please visit: https://selenium.dev/exceptions/#no_such_element
Build info: version: '4.1.4', revision: '535d840ee2'
System info: host: 'FIC-I7KL93', ip: '172.20.10.13', os.name: 'Windows 10', os.arch: 'amd64', os.version: '10.0', java.version: '21.0.6'
Driver info: org.openqa.selenium.chrome.ChromeDriver
Command: [9206b96a3a80ad8731ed716757acca9c, findElement {using=xpath, value=//button[text()=' MaximEyes']}]
Capabilities {acceptInsecureCerts: false, browserName: chrome, browserVersion: 137.0.7151.69, chrome: {chromedriverVersion: 137.0.7151.70 (dfa4dc56b2ab..., userDataDir: C:\Users\Satish_G\AppData\L...}, fedcm:accounts: true, goog:chromeOptions: {debuggerAddress: localhost:53466}, javascriptEnabled: true, networkConnectionEnabled: false, pageLoadStrategy: normal, platform: WINDOWS, platformName: WINDOWS, proxy: Proxy(), se:cdp: ws://localhost:53466/devtoo..., se:cdpVersion: 137.0.7151.69, setWindowRect: true, strictFileInteractability: false, timeouts: {implicit: 0, pageLoad: 300000, script: 30000}, unhandledPromptBehavior: dismiss and notify, webauthn:extension:credBlob: true, webauthn:extension:largeBlob: true, webauthn:extension:minPinLength: true, webauthn:extension:prf: true, webauthn:virtualAuthenticators: true}
Session ID: 9206b96a3a80ad8731ed716757acca9c
at org.openqa.selenium.remote.codec.w3c.W3CHttpResponseCodec.createException(W3CHttpResponseCodec.java:200)
at org.openqa.selenium.remote.codec.w3c.W3CHttpResponseCodec.decode(W3CHttpResponseCodec.java:133)
at org.openqa.selenium.remote.codec.w3c.W3CHttpResponseCodec.decode(W3CHttpResponseCodec.java:53)
at org.openqa.selenium.remote.HttpCommandExecutor.execute(HttpCommandExecutor.java:184)
at org.openqa.selenium.remote.service.DriverCommandExecutor.invokeExecute(DriverCommandExecutor.java:167)
at org.openqa.selenium.remote.service.DriverCommandExecutor.execute(DriverCommandExecutor.java:142)
at org.openqa.selenium.remote.RemoteWebDriver.execute(RemoteWebDriver.java:567)
at org.openqa.selenium.remote.ElementLocation$ElementFinder$2.findElement(ElementLocation.java:162)
at org.openqa.selenium.remote.ElementLocation.findElement(ElementLocation.java:60)
at org.openqa.selenium.remote.RemoteWebDriver.findElement(RemoteWebDriver.java:385)
at org.openqa.selenium.remote.RemoteWebDriver.findElement(RemoteWebDriver.java:377)
at org.openqa.selenium.support.pagefactory.DefaultElementLocator.findElement(DefaultElementLocator.java:70)
at org.openqa.selenium.support.pagefactory.internal.LocatingElementHandler.invoke(LocatingElementHandler.java:39)
at jdk.proxy2/jdk.proxy2.$Proxy34.isDisplayed(Unknown Source)
at org.openqa.selenium.support.ui.ExpectedConditions.elementIfVisible(ExpectedConditions.java:307)
at org.openqa.selenium.support.ui.ExpectedConditions.access$000(ExpectedConditions.java:40)
at org.openqa.selenium.support.ui.ExpectedConditions$10.apply(ExpectedConditions.java:293)
at org.openqa.selenium.support.ui.ExpectedConditions$10.apply(ExpectedConditions.java:290)
at org.openqa.selenium.support.ui.FluentWait.until(FluentWait.java:208)
... 29 more
... Removed 28 stack frames]]>
    </failure>
  </testcase> <!-- DisableOpticalOrderCheckSettingsFromAdmin -->
  <testcase classname="com.evaa.chatbot.OpticalOrderCheckTest" name="checkOpticlOrderShouldNotInitiateAfterDisableFromEvaaAdmin" time="64.136">
    <skipped/>
  </testcase> <!-- checkOpticlOrderShouldNotInitiateAfterDisableFromEvaaAdmin -->
  <testcase classname="com.evaa.chatbot.OpticalOrderCheckTest" name="checkOpticlOrderShouldNotInitiateAfterDisableFromEvaaAdmin" time="78.983">
    <failure type="org.openqa.selenium.NoSuchElementException" message="no such element: Unable to locate element: {&amp;quot;method&amp;quot;:&amp;quot;css selector&amp;quot;,&amp;quot;selector&amp;quot;:&amp;quot;#\/\/div\/\/p\[contains\(text\(\)\,\&amp;apos;don\&amp;apos;\)\]&amp;quot;}
  (Session info: chrome=137.0.7151.69)
For documentation on this error, please visit: https://selenium.dev/exceptions/#no_such_element
Build info: version: &amp;apos;4.1.4&amp;apos;, revision: &amp;apos;535d840ee2&amp;apos;
System info: host: &amp;apos;FIC-I7KL93&amp;apos;, ip: &amp;apos;172.20.10.13&amp;apos;, os.name: &amp;apos;Windows 10&amp;apos;, os.arch: &amp;apos;amd64&amp;apos;, os.version: &amp;apos;10.0&amp;apos;, java.version: &amp;apos;21.0.6&amp;apos;
Driver info: org.openqa.selenium.chrome.ChromeDriver
Command: [9206b96a3a80ad8731ed716757acca9c, findElement {using=id, value=//div//p[contains(text(),&amp;apos;don&amp;apos;)]}]
Capabilities {acceptInsecureCerts: false, browserName: chrome, browserVersion: 137.0.7151.69, chrome: {chromedriverVersion: 137.0.7151.70 (dfa4dc56b2ab..., userDataDir: C:\Users\Satish_G\AppData\L...}, fedcm:accounts: true, goog:chromeOptions: {debuggerAddress: localhost:53466}, javascriptEnabled: true, networkConnectionEnabled: false, pageLoadStrategy: normal, platform: WINDOWS, platformName: WINDOWS, proxy: Proxy(), se:cdp: ws://localhost:53466/devtoo..., se:cdpVersion: 137.0.7151.69, setWindowRect: true, strictFileInteractability: false, timeouts: {implicit: 0, pageLoad: 300000, script: 30000}, unhandledPromptBehavior: dismiss and notify, webauthn:extension:credBlob: true, webauthn:extension:largeBlob: true, webauthn:extension:minPinLength: true, webauthn:extension:prf: true, webauthn:virtualAuthenticators: true}
Session ID: 9206b96a3a80ad8731ed716757acca9c">
      <![CDATA[org.openqa.selenium.NoSuchElementException: no such element: Unable to locate element: {"method":"css selector","selector":"#\/\/div\/\/p\[contains\(text\(\)\,\'don\'\)\]"}
  (Session info: chrome=137.0.7151.69)
For documentation on this error, please visit: https://selenium.dev/exceptions/#no_such_element
Build info: version: '4.1.4', revision: '535d840ee2'
System info: host: 'FIC-I7KL93', ip: '172.20.10.13', os.name: 'Windows 10', os.arch: 'amd64', os.version: '10.0', java.version: '21.0.6'
Driver info: org.openqa.selenium.chrome.ChromeDriver
Command: [9206b96a3a80ad8731ed716757acca9c, findElement {using=id, value=//div//p[contains(text(),'don')]}]
Capabilities {acceptInsecureCerts: false, browserName: chrome, browserVersion: 137.0.7151.69, chrome: {chromedriverVersion: 137.0.7151.70 (dfa4dc56b2ab..., userDataDir: C:\Users\Satish_G\AppData\L...}, fedcm:accounts: true, goog:chromeOptions: {debuggerAddress: localhost:53466}, javascriptEnabled: true, networkConnectionEnabled: false, pageLoadStrategy: normal, platform: WINDOWS, platformName: WINDOWS, proxy: Proxy(), se:cdp: ws://localhost:53466/devtoo..., se:cdpVersion: 137.0.7151.69, setWindowRect: true, strictFileInteractability: false, timeouts: {implicit: 0, pageLoad: 300000, script: 30000}, unhandledPromptBehavior: dismiss and notify, webauthn:extension:credBlob: true, webauthn:extension:largeBlob: true, webauthn:extension:minPinLength: true, webauthn:extension:prf: true, webauthn:virtualAuthenticators: true}
Session ID: 9206b96a3a80ad8731ed716757acca9c
at org.openqa.selenium.remote.codec.w3c.W3CHttpResponseCodec.createException(W3CHttpResponseCodec.java:200)
at org.openqa.selenium.remote.codec.w3c.W3CHttpResponseCodec.decode(W3CHttpResponseCodec.java:133)
at org.openqa.selenium.remote.codec.w3c.W3CHttpResponseCodec.decode(W3CHttpResponseCodec.java:53)
at org.openqa.selenium.remote.HttpCommandExecutor.execute(HttpCommandExecutor.java:184)
at org.openqa.selenium.remote.service.DriverCommandExecutor.invokeExecute(DriverCommandExecutor.java:167)
at org.openqa.selenium.remote.service.DriverCommandExecutor.execute(DriverCommandExecutor.java:142)
at org.openqa.selenium.remote.RemoteWebDriver.execute(RemoteWebDriver.java:567)
at org.openqa.selenium.remote.ElementLocation$ElementFinder$2.findElement(ElementLocation.java:162)
at org.openqa.selenium.remote.ElementLocation.findElement(ElementLocation.java:60)
at org.openqa.selenium.remote.RemoteWebDriver.findElement(RemoteWebDriver.java:385)
at org.openqa.selenium.remote.RemoteWebDriver.findElement(RemoteWebDriver.java:377)
at org.openqa.selenium.support.pagefactory.DefaultElementLocator.findElement(DefaultElementLocator.java:70)
at org.openqa.selenium.support.pagefactory.internal.LocatingElementHandler.invoke(LocatingElementHandler.java:39)
at jdk.proxy2/jdk.proxy2.$Proxy34.getText(Unknown Source)
at com.evaa.chatbot.OpticalOrderCheckTest.checkOpticlOrderShouldNotInitiateAfterDisableFromEvaaAdmin(OpticalOrderCheckTest.java:83)
at java.base/java.util.ArrayList.forEach(ArrayList.java:1596)
... Removed 28 stack frames]]>
    </failure>
  </testcase> <!-- checkOpticlOrderShouldNotInitiateAfterDisableFromEvaaAdmin -->
  <testcase classname="com.evaa.chatbot.BookAppointmentSuccessfullyWithInsuranceTest" name="Enable_ensurance_required_from_admin" time="29.003"/>
  <testcase classname="com.evaa.chatbot.BookAppointmentSuccessfullyWithInsuranceTest" name="Test_book_appointment_with_insurance" time="70.96"/>
  <testcase classname="com.evaa.chatbot.BookAppointmentSuccessfullyTest" name="Disable_ensurance_required_from_admin" time="21.73"/>
  <testcase classname="com.evaa.chatbot.BookAppointmentSuccessfullyTest" name="Test_book_appointment_without_insurance" time="115.783">
    <skipped/>
  </testcase> <!-- Test_book_appointment_without_insurance -->
  <testcase classname="com.evaa.chatbot.BookAppointmentSuccessfullyTest" name="Test_book_appointment_without_insurance" time="9.072">
    <failure type="org.openqa.selenium.ElementClickInterceptedException" message="element click intercepted: Element &amp;lt;button id=&amp;quot;chat_submit&amp;quot; class=&amp;quot;btn p-2 pt-3&amp;quot; type=&amp;quot;submit&amp;quot; name=&amp;quot;submit&amp;quot; data-kt-element=&amp;quot;send&amp;quot; disabled=&amp;quot;disabled&amp;quot;&amp;gt;...&amp;lt;/button&amp;gt; is not clickable at point (398, 515). Other element would receive the click: &amp;lt;div class=&amp;quot;col-1 p-0&amp;quot; style=&amp;quot;display: flex; flex-direction: row;justify-content: flex-end;padding-right: 0;&amp;quot;&amp;gt;...&amp;lt;/div&amp;gt;
  (Session info: chrome=137.0.7151.69)
Build info: version: &amp;apos;4.1.4&amp;apos;, revision: &amp;apos;535d840ee2&amp;apos;
System info: host: &amp;apos;FIC-I7KL93&amp;apos;, ip: &amp;apos;172.20.10.13&amp;apos;, os.name: &amp;apos;Windows 10&amp;apos;, os.arch: &amp;apos;amd64&amp;apos;, os.version: &amp;apos;10.0&amp;apos;, java.version: &amp;apos;21.0.6&amp;apos;
Driver info: org.openqa.selenium.chrome.ChromeDriver
Command: [a42a80d0be2e0af9d39f33a54744af50, clickElement {id=f.DA8E780598DABFE2611F5E809E5898DF.d.248C4CDF8CEBBD43886282CDB6C9F431.e.1608}]
Capabilities {acceptInsecureCerts: false, browserName: chrome, browserVersion: 137.0.7151.69, chrome: {chromedriverVersion: 137.0.7151.70 (dfa4dc56b2ab..., userDataDir: C:\Users\Satish_G\AppData\L...}, fedcm:accounts: true, goog:chromeOptions: {debuggerAddress: localhost:53955}, javascriptEnabled: true, networkConnectionEnabled: false, pageLoadStrategy: normal, platform: WINDOWS, platformName: WINDOWS, proxy: Proxy(), se:cdp: ws://localhost:53955/devtoo..., se:cdpVersion: 137.0.7151.69, setWindowRect: true, strictFileInteractability: false, timeouts: {implicit: 0, pageLoad: 300000, script: 30000}, unhandledPromptBehavior: dismiss and notify, webauthn:extension:credBlob: true, webauthn:extension:largeBlob: true, webauthn:extension:minPinLength: true, webauthn:extension:prf: true, webauthn:virtualAuthenticators: true}
Element: [[ChromeDriver: chrome on WINDOWS (a42a80d0be2e0af9d39f33a54744af50)] -&amp;gt; xpath: //button[@id=&amp;apos;chat_submit&amp;apos;]]
Session ID: a42a80d0be2e0af9d39f33a54744af50">
      <![CDATA[org.openqa.selenium.ElementClickInterceptedException: element click intercepted: Element <button id="chat_submit" class="btn p-2 pt-3" type="submit" name="submit" data-kt-element="send" disabled="disabled">...</button> is not clickable at point (398, 515). Other element would receive the click: <div class="col-1 p-0" style="display: flex; flex-direction: row;justify-content: flex-end;padding-right: 0;">...</div>
  (Session info: chrome=137.0.7151.69)
Build info: version: '4.1.4', revision: '535d840ee2'
System info: host: 'FIC-I7KL93', ip: '172.20.10.13', os.name: 'Windows 10', os.arch: 'amd64', os.version: '10.0', java.version: '21.0.6'
Driver info: org.openqa.selenium.chrome.ChromeDriver
Command: [a42a80d0be2e0af9d39f33a54744af50, clickElement {id=f.DA8E780598DABFE2611F5E809E5898DF.d.248C4CDF8CEBBD43886282CDB6C9F431.e.1608}]
Capabilities {acceptInsecureCerts: false, browserName: chrome, browserVersion: 137.0.7151.69, chrome: {chromedriverVersion: 137.0.7151.70 (dfa4dc56b2ab..., userDataDir: C:\Users\Satish_G\AppData\L...}, fedcm:accounts: true, goog:chromeOptions: {debuggerAddress: localhost:53955}, javascriptEnabled: true, networkConnectionEnabled: false, pageLoadStrategy: normal, platform: WINDOWS, platformName: WINDOWS, proxy: Proxy(), se:cdp: ws://localhost:53955/devtoo..., se:cdpVersion: 137.0.7151.69, setWindowRect: true, strictFileInteractability: false, timeouts: {implicit: 0, pageLoad: 300000, script: 30000}, unhandledPromptBehavior: dismiss and notify, webauthn:extension:credBlob: true, webauthn:extension:largeBlob: true, webauthn:extension:minPinLength: true, webauthn:extension:prf: true, webauthn:virtualAuthenticators: true}
Element: [[ChromeDriver: chrome on WINDOWS (a42a80d0be2e0af9d39f33a54744af50)] -> xpath: //button[@id='chat_submit']]
Session ID: a42a80d0be2e0af9d39f33a54744af50
at org.openqa.selenium.remote.codec.w3c.W3CHttpResponseCodec.createException(W3CHttpResponseCodec.java:200)
at org.openqa.selenium.remote.codec.w3c.W3CHttpResponseCodec.decode(W3CHttpResponseCodec.java:133)
at org.openqa.selenium.remote.codec.w3c.W3CHttpResponseCodec.decode(W3CHttpResponseCodec.java:53)
at org.openqa.selenium.remote.HttpCommandExecutor.execute(HttpCommandExecutor.java:184)
at org.openqa.selenium.remote.service.DriverCommandExecutor.invokeExecute(DriverCommandExecutor.java:167)
at org.openqa.selenium.remote.service.DriverCommandExecutor.execute(DriverCommandExecutor.java:142)
at org.openqa.selenium.remote.RemoteWebDriver.execute(RemoteWebDriver.java:567)
at org.openqa.selenium.remote.RemoteWebElement.execute(RemoteWebElement.java:251)
at org.openqa.selenium.remote.RemoteWebElement.click(RemoteWebElement.java:77)
at org.openqa.selenium.support.pagefactory.internal.LocatingElementHandler.invoke(LocatingElementHandler.java:52)
at jdk.proxy2/jdk.proxy2.$Proxy34.click(Unknown Source)
at com.evaa.chatbot.pom.BookAppointment.chatSubmit(BookAppointment.java:439)
at com.evaa.chatbot.BookAppointmentSuccessfullyTest.Test_book_appointment_without_insurance(BookAppointmentSuccessfullyTest.java:75)
at java.base/java.util.ArrayList.forEach(ArrayList.java:1596)
... Removed 30 stack frames]]>
    </failure>
  </testcase> <!-- Test_book_appointment_without_insurance -->
  <testcase classname="com.evaa.chatbot.BookAppointmentSuccessfullyTest" name="While_booking_an_appointment_clicking_No_should_display_a_message_with_a_Contact_Us_link" time="9.435">
    <skipped/>
  </testcase> <!-- While_booking_an_appointment_clicking_No_should_display_a_message_with_a_Contact_Us_link -->
  <testcase classname="com.evaa.chatbot.BookAppointmentSuccessfullyTest" name="While_booking_an_appointment_clicking_No_should_display_a_message_with_a_Contact_Us_link" time="32.97">
    <failure type="org.openqa.selenium.ElementClickInterceptedException" message="element click intercepted: Element &amp;lt;button id=&amp;quot;chat_submit&amp;quot; class=&amp;quot;btn p-2 pt-3&amp;quot; type=&amp;quot;submit&amp;quot; name=&amp;quot;submit&amp;quot; data-kt-element=&amp;quot;send&amp;quot; disabled=&amp;quot;disabled&amp;quot;&amp;gt;...&amp;lt;/button&amp;gt; is not clickable at point (398, 515). Other element would receive the click: &amp;lt;div class=&amp;quot;col-1 p-0&amp;quot; style=&amp;quot;display: flex; flex-direction: row;justify-content: flex-end;padding-right: 0;&amp;quot;&amp;gt;...&amp;lt;/div&amp;gt;
  (Session info: chrome=137.0.7151.69)
Build info: version: &amp;apos;4.1.4&amp;apos;, revision: &amp;apos;535d840ee2&amp;apos;
System info: host: &amp;apos;FIC-I7KL93&amp;apos;, ip: &amp;apos;172.20.10.13&amp;apos;, os.name: &amp;apos;Windows 10&amp;apos;, os.arch: &amp;apos;amd64&amp;apos;, os.version: &amp;apos;10.0&amp;apos;, java.version: &amp;apos;21.0.6&amp;apos;
Driver info: org.openqa.selenium.chrome.ChromeDriver
Command: [a42a80d0be2e0af9d39f33a54744af50, clickElement {id=f.5175FD25C33497E04366168F9C5608D5.d.DA916F6D4240103F1B44FE24C4DF9E2F.e.3623}]
Capabilities {acceptInsecureCerts: false, browserName: chrome, browserVersion: 137.0.7151.69, chrome: {chromedriverVersion: 137.0.7151.70 (dfa4dc56b2ab..., userDataDir: C:\Users\Satish_G\AppData\L...}, fedcm:accounts: true, goog:chromeOptions: {debuggerAddress: localhost:53955}, javascriptEnabled: true, networkConnectionEnabled: false, pageLoadStrategy: normal, platform: WINDOWS, platformName: WINDOWS, proxy: Proxy(), se:cdp: ws://localhost:53955/devtoo..., se:cdpVersion: 137.0.7151.69, setWindowRect: true, strictFileInteractability: false, timeouts: {implicit: 0, pageLoad: 300000, script: 30000}, unhandledPromptBehavior: dismiss and notify, webauthn:extension:credBlob: true, webauthn:extension:largeBlob: true, webauthn:extension:minPinLength: true, webauthn:extension:prf: true, webauthn:virtualAuthenticators: true}
Element: [[ChromeDriver: chrome on WINDOWS (a42a80d0be2e0af9d39f33a54744af50)] -&amp;gt; xpath: //button[@id=&amp;apos;chat_submit&amp;apos;]]
Session ID: a42a80d0be2e0af9d39f33a54744af50">
      <![CDATA[org.openqa.selenium.ElementClickInterceptedException: element click intercepted: Element <button id="chat_submit" class="btn p-2 pt-3" type="submit" name="submit" data-kt-element="send" disabled="disabled">...</button> is not clickable at point (398, 515). Other element would receive the click: <div class="col-1 p-0" style="display: flex; flex-direction: row;justify-content: flex-end;padding-right: 0;">...</div>
  (Session info: chrome=137.0.7151.69)
Build info: version: '4.1.4', revision: '535d840ee2'
System info: host: 'FIC-I7KL93', ip: '172.20.10.13', os.name: 'Windows 10', os.arch: 'amd64', os.version: '10.0', java.version: '21.0.6'
Driver info: org.openqa.selenium.chrome.ChromeDriver
Command: [a42a80d0be2e0af9d39f33a54744af50, clickElement {id=f.5175FD25C33497E04366168F9C5608D5.d.DA916F6D4240103F1B44FE24C4DF9E2F.e.3623}]
Capabilities {acceptInsecureCerts: false, browserName: chrome, browserVersion: 137.0.7151.69, chrome: {chromedriverVersion: 137.0.7151.70 (dfa4dc56b2ab..., userDataDir: C:\Users\Satish_G\AppData\L...}, fedcm:accounts: true, goog:chromeOptions: {debuggerAddress: localhost:53955}, javascriptEnabled: true, networkConnectionEnabled: false, pageLoadStrategy: normal, platform: WINDOWS, platformName: WINDOWS, proxy: Proxy(), se:cdp: ws://localhost:53955/devtoo..., se:cdpVersion: 137.0.7151.69, setWindowRect: true, strictFileInteractability: false, timeouts: {implicit: 0, pageLoad: 300000, script: 30000}, unhandledPromptBehavior: dismiss and notify, webauthn:extension:credBlob: true, webauthn:extension:largeBlob: true, webauthn:extension:minPinLength: true, webauthn:extension:prf: true, webauthn:virtualAuthenticators: true}
Element: [[ChromeDriver: chrome on WINDOWS (a42a80d0be2e0af9d39f33a54744af50)] -> xpath: //button[@id='chat_submit']]
Session ID: a42a80d0be2e0af9d39f33a54744af50
at org.openqa.selenium.remote.codec.w3c.W3CHttpResponseCodec.createException(W3CHttpResponseCodec.java:200)
at org.openqa.selenium.remote.codec.w3c.W3CHttpResponseCodec.decode(W3CHttpResponseCodec.java:133)
at org.openqa.selenium.remote.codec.w3c.W3CHttpResponseCodec.decode(W3CHttpResponseCodec.java:53)
at org.openqa.selenium.remote.HttpCommandExecutor.execute(HttpCommandExecutor.java:184)
at org.openqa.selenium.remote.service.DriverCommandExecutor.invokeExecute(DriverCommandExecutor.java:167)
at org.openqa.selenium.remote.service.DriverCommandExecutor.execute(DriverCommandExecutor.java:142)
at org.openqa.selenium.remote.RemoteWebDriver.execute(RemoteWebDriver.java:567)
at org.openqa.selenium.remote.RemoteWebElement.execute(RemoteWebElement.java:251)
at org.openqa.selenium.remote.RemoteWebElement.click(RemoteWebElement.java:77)
at org.openqa.selenium.support.pagefactory.internal.LocatingElementHandler.invoke(LocatingElementHandler.java:52)
at jdk.proxy2/jdk.proxy2.$Proxy34.click(Unknown Source)
at com.evaa.chatbot.pom.BookAppointment.chatSubmit(BookAppointment.java:439)
at com.evaa.chatbot.BookAppointmentSuccessfullyTest.While_booking_an_appointment_clicking_No_should_display_a_message_with_a_Contact_Us_link(BookAppointmentSuccessfullyTest.java:157)
at java.base/java.util.ArrayList.forEach(ArrayList.java:1596)
... Removed 30 stack frames]]>
    </failure>
  </testcase> <!-- While_booking_an_appointment_clicking_No_should_display_a_message_with_a_Contact_Us_link -->
  <testcase classname="com.evaa.chatbot.RescheduleAppointmentTest" name="Enable_Reschedule_from_admin" time="22.222"/>
  <testcase classname="com.evaa.chatbot.RescheduleAppointmentTest" name="Test_Reschedule_an_appointment_for_new_user" time="32.794">
    <skipped/>
  </testcase> <!-- Test_Reschedule_an_appointment_for_new_user -->
  <testcase classname="com.evaa.chatbot.RescheduleAppointmentTest" name="Test_Reschedule_an_appointment_for_new_user" time="40.786">
    <failure type="java.lang.AssertionError" message="expected [upcoming Appointment ] but found []">
      <![CDATA[java.lang.AssertionError: expected [upcoming Appointment ] but found []
at com.evaa.chatbot.RescheduleAppointmentTest.Test_Reschedule_an_appointment_for_new_user(RescheduleAppointmentTest.java:71)
at java.base/java.util.ArrayList.forEach(ArrayList.java:1596)
... Removed 31 stack frames]]>
    </failure>
  </testcase> <!-- Test_Reschedule_an_appointment_for_new_user -->
  <testcase classname="com.evaa.chatbot.RescheduleAppointmentTest" name="bookAppointment" time="41.482"/>
  <testcase classname="com.evaa.chatbot.RescheduleAppointmentTest" name="Disable_Reschedule_from_admin" time="22.651"/>
  <testcase classname="com.evaa.chatbot.RescheduleAppointmentTest" name="RescheduleAppointmentforExistingUser" time="68.512">
    <skipped/>
  </testcase> <!-- RescheduleAppointmentforExistingUser -->
  <testcase classname="com.evaa.chatbot.RescheduleAppointmentTest" name="RescheduleAppointmentforExistingUser" time="69.636">
    <failure type="org.openqa.selenium.TimeoutException" message="Expected condition failed: waiting for visibility of [[ChromeDriver: chrome on WINDOWS (462f6c4bfb2a8b8f672831b9c241e886)] -&amp;gt; xpath: (//div[@class=&amp;apos;pr-4 pl-4&amp;apos;]//div[@class=&amp;apos;v-select__slot&amp;apos;])[1]] (tried for 50 second(s) with 500 milliseconds interval)
Build info: version: &amp;apos;4.1.4&amp;apos;, revision: &amp;apos;535d840ee2&amp;apos;
System info: host: &amp;apos;FIC-I7KL93&amp;apos;, ip: &amp;apos;172.20.10.13&amp;apos;, os.name: &amp;apos;Windows 10&amp;apos;, os.arch: &amp;apos;amd64&amp;apos;, os.version: &amp;apos;10.0&amp;apos;, java.version: &amp;apos;21.0.6&amp;apos;
Driver info: org.openqa.selenium.chrome.ChromeDriver
Capabilities {acceptInsecureCerts: false, browserName: chrome, browserVersion: 137.0.7151.69, chrome: {chromedriverVersion: 137.0.7151.70 (dfa4dc56b2ab..., userDataDir: C:\Users\Satish_G\AppData\L...}, fedcm:accounts: true, goog:chromeOptions: {debuggerAddress: localhost:54163}, javascriptEnabled: true, networkConnectionEnabled: false, pageLoadStrategy: normal, platform: WINDOWS, platformName: WINDOWS, proxy: Proxy(), se:cdp: ws://localhost:54163/devtoo..., se:cdpVersion: 137.0.7151.69, setWindowRect: true, strictFileInteractability: false, timeouts: {implicit: 0, pageLoad: 300000, script: 30000}, unhandledPromptBehavior: dismiss and notify, webauthn:extension:credBlob: true, webauthn:extension:largeBlob: true, webauthn:extension:minPinLength: true, webauthn:extension:prf: true, webauthn:virtualAuthenticators: true}
Session ID: 462f6c4bfb2a8b8f672831b9c241e886">
      <![CDATA[org.openqa.selenium.TimeoutException: Expected condition failed: waiting for visibility of [[ChromeDriver: chrome on WINDOWS (462f6c4bfb2a8b8f672831b9c241e886)] -> xpath: (//div[@class='pr-4 pl-4']//div[@class='v-select__slot'])[1]] (tried for 50 second(s) with 500 milliseconds interval)
Build info: version: '4.1.4', revision: '535d840ee2'
System info: host: 'FIC-I7KL93', ip: '172.20.10.13', os.name: 'Windows 10', os.arch: 'amd64', os.version: '10.0', java.version: '21.0.6'
Driver info: org.openqa.selenium.chrome.ChromeDriver
Capabilities {acceptInsecureCerts: false, browserName: chrome, browserVersion: 137.0.7151.69, chrome: {chromedriverVersion: 137.0.7151.70 (dfa4dc56b2ab..., userDataDir: C:\Users\Satish_G\AppData\L...}, fedcm:accounts: true, goog:chromeOptions: {debuggerAddress: localhost:54163}, javascriptEnabled: true, networkConnectionEnabled: false, pageLoadStrategy: normal, platform: WINDOWS, platformName: WINDOWS, proxy: Proxy(), se:cdp: ws://localhost:54163/devtoo..., se:cdpVersion: 137.0.7151.69, setWindowRect: true, strictFileInteractability: false, timeouts: {implicit: 0, pageLoad: 300000, script: 30000}, unhandledPromptBehavior: dismiss and notify, webauthn:extension:credBlob: true, webauthn:extension:largeBlob: true, webauthn:extension:minPinLength: true, webauthn:extension:prf: true, webauthn:virtualAuthenticators: true}
Session ID: 462f6c4bfb2a8b8f672831b9c241e886
at org.openqa.selenium.support.ui.WebDriverWait.timeoutException(WebDriverWait.java:87)
at org.openqa.selenium.support.ui.FluentWait.until(FluentWait.java:231)
at com.evaa.chatbot.pom.BookAppointment.waitForElementVisible(BookAppointment.java:25)
at com.evaa.chatbot.pom.BookAppointment.openLocationDropdown(BookAppointment.java:349)
at com.evaa.chatbot.RescheduleAppointmentTest.fillAppointmentDetails(RescheduleAppointmentTest.java:164)
at com.evaa.chatbot.RescheduleAppointmentTest.RescheduleAppointmentforExistingUser(RescheduleAppointmentTest.java:117)
at java.base/java.util.ArrayList.forEach(ArrayList.java:1596)
... Removed 25 stack frames]]>
    </failure>
  </testcase> <!-- RescheduleAppointmentforExistingUser -->
  <testcase classname="com.evaa.chatbot.RescheduleAppointmentTest" name="TestRescheduleAppointmentDisabled" time="14.139"/>
  <testcase classname="com.evaa.chatbot.BookAppointmentSuccessfullyWithInsuranceTest" name="verify_detail_on_maximeyes_site" time="0.0">
    <ignored/>
  </testcase> <!-- verify_detail_on_maximeyes_site -->
  <testcase classname="com.evaa.chatbot.BookAppointmentSuccessfullyTest" name="verify_detail_on_maximeyes_site" time="0.0">
    <ignored/>
  </testcase> <!-- verify_detail_on_maximeyes_site -->
  <testcase classname="com.evaa.baseclass.EvvaChatBaseClass" name="@BeforeSuite cleanScreenshotFolder" time="0.0">
    <ignored/>
  </testcase> <!-- @BeforeSuite cleanScreenshotFolder -->
  <testcase classname="com.evaa.baseclass.EvvaChatBaseClass" name="@BeforeSuite cleanScreenshotFolder" time="0.0">
    <ignored/>
  </testcase> <!-- @BeforeSuite cleanScreenshotFolder -->
  <testcase classname="com.evaa.baseclass.EvvaChatBaseClass" name="@BeforeSuite cleanScreenshotFolder" time="0.0">
    <ignored/>
  </testcase> <!-- @BeforeSuite cleanScreenshotFolder -->
  <testcase classname="com.evaa.baseclass.EvvaChatBaseClass" name="@BeforeSuite cleanScreenshotFolder" time="0.0">
    <ignored/>
  </testcase> <!-- @BeforeSuite cleanScreenshotFolder -->
  <testcase classname="com.evaa.baseclass.EvvaChatBaseClass" name="@BeforeSuite cleanScreenshotFolder" time="0.0">
    <ignored/>
  </testcase> <!-- @BeforeSuite cleanScreenshotFolder -->
  <testcase classname="com.evaa.baseclass.EvvaChatBaseClass" name="@BeforeSuite cleanScreenshotFolder" time="0.0">
    <ignored/>
  </testcase> <!-- @BeforeSuite cleanScreenshotFolder -->
</testsuite> <!-- Test -->
