<?xml version="1.0" encoding="UTF-8"?>
<!-- Generated by org.testng.reporters.JUnitReportReporter -->
<testsuite hostname="FIC-I7KL93" failures="0" tests="8" name="com.evaa.chatbot.AppointmentCancelTest" time="334.517" errors="1" timestamp="2025-06-23T12:46:30 IST" skipped="2">
  <testcase classname="com.evaa.chatbot.AppointmentCancelTest" name="enableCancelAppointmentSettingsFromAdmin" time="22.955">
    <skipped/>
  </testcase> <!-- enableCancelAppointmentSettingsFromAdmin -->
  <system-out/>
  <testcase classname="com.evaa.chatbot.AppointmentCancelTest" name="enableCancelAppointmentSettingsFromAdmin" time="116.325"/>
  <system-out/>
  <testcase classname="com.evaa.chatbot.AppointmentCancelTest" name="cancelAppointmentForNewPatient" time="32.159"/>
  <system-out/>
  <testcase classname="com.evaa.chatbot.AppointmentCancelTest" name="bookAppointment" time="41.560"/>
  <system-out/>
  <testcase classname="com.evaa.chatbot.AppointmentCancelTest" name="cancelAppointmentForExistingPatient" time="32.195"/>
  <system-out/>
  <testcase classname="com.evaa.chatbot.AppointmentCancelTest" name="disableCancelAppointmentSettingsInPreferences" time="10.873">
    <error message="element click intercepted: Element &lt;a b-faofe836pu=&quot;&quot; class=&quot;nav-link&quot; id=&quot;UserDropdown&quot; href=&quot;#&quot; data-bs-toggle=&quot;dropdown&quot; aria-expanded=&quot;false&quot;&gt;...&lt;/a&gt; is not clickable at point (1797, 28). Other element would receive the click: &lt;div class=&quot;toast-body&quot;&gt;...&lt;/div&gt;
  (Session info: chrome=137.0.7151.120)
Build info: version: &#039;4.1.4&#039;, revision: &#039;535d840ee2&#039;
System info: host: &#039;FIC-I7KL93&#039;, ip: &#039;192.168.1.100&#039;, os.name: &#039;Windows 10&#039;, os.arch: &#039;amd64&#039;, os.version: &#039;10.0&#039;, java.version: &#039;21.0.6&#039;
Driver info: org.openqa.selenium.chrome.ChromeDriver
Command: [63bc29a18b74e17269d793903f08bb27, clickElement {id=f.A515EEC0837BB72FFAEB31881A6DB879.d.13D106A1EF50C27247420ED175EDAB8B.e.117}]
Capabilities {acceptInsecureCerts: false, browserName: chrome, browserVersion: 137.0.7151.120, chrome: {chromedriverVersion: 137.0.7151.119 (e0ac9d12dff..., userDataDir: C:\Users\Satish_G\AppData\L...}, fedcm:accounts: true, goog:chromeOptions: {debuggerAddress: localhost:55678}, javascriptEnabled: true, networkConnectionEnabled: false, pageLoadStrategy: normal, platform: WINDOWS, platformName: WINDOWS, proxy: Proxy(), se:cdp: ws://localhost:55678/devtoo..., se:cdpVersion: 137.0.7151.120, setWindowRect: true, strictFileInteractability: false, timeouts: {implicit: 0, pageLoad: 300000, script: 30000}, unhandledPromptBehavior: dismiss and notify, webauthn:extension:credBlob: true, webauthn:extension:largeBlob: true, webauthn:extension:minPinLength: true, webauthn:extension:prf: true, webauthn:virtualAuthenticators: true}
Element: [[ChromeDriver: chrome on WINDOWS (63bc29a18b74e17269d793903f08bb27)] -&gt; id: UserDropdown]
Session ID: 63bc29a18b74e17269d793903f08bb27" type="org.openqa.selenium.ElementClickInterceptedException">
      <![CDATA[org.openqa.selenium.ElementClickInterceptedException: element click intercepted: Element <a b-faofe836pu="" class="nav-link" id="UserDropdown" href="#" data-bs-toggle="dropdown" aria-expanded="false">...</a> is not clickable at point (1797, 28). Other element would receive the click: <div class="toast-body">...</div>
  (Session info: chrome=137.0.7151.120)
Build info: version: '4.1.4', revision: '535d840ee2'
System info: host: 'FIC-I7KL93', ip: '192.168.1.100', os.name: 'Windows 10', os.arch: 'amd64', os.version: '10.0', java.version: '21.0.6'
Driver info: org.openqa.selenium.chrome.ChromeDriver
Command: [63bc29a18b74e17269d793903f08bb27, clickElement {id=f.A515EEC0837BB72FFAEB31881A6DB879.d.13D106A1EF50C27247420ED175EDAB8B.e.117}]
Capabilities {acceptInsecureCerts: false, browserName: chrome, browserVersion: 137.0.7151.120, chrome: {chromedriverVersion: 137.0.7151.119 (e0ac9d12dff..., userDataDir: C:\Users\Satish_G\AppData\L...}, fedcm:accounts: true, goog:chromeOptions: {debuggerAddress: localhost:55678}, javascriptEnabled: true, networkConnectionEnabled: false, pageLoadStrategy: normal, platform: WINDOWS, platformName: WINDOWS, proxy: Proxy(), se:cdp: ws://localhost:55678/devtoo..., se:cdpVersion: 137.0.7151.120, setWindowRect: true, strictFileInteractability: false, timeouts: {implicit: 0, pageLoad: 300000, script: 30000}, unhandledPromptBehavior: dismiss and notify, webauthn:extension:credBlob: true, webauthn:extension:largeBlob: true, webauthn:extension:minPinLength: true, webauthn:extension:prf: true, webauthn:virtualAuthenticators: true}
Element: [[ChromeDriver: chrome on WINDOWS (63bc29a18b74e17269d793903f08bb27)] -> id: UserDropdown]
Session ID: 63bc29a18b74e17269d793903f08bb27
at java.base/jdk.internal.reflect.DirectConstructorHandleAccessor.newInstance(DirectConstructorHandleAccessor.java:62)
at java.base/java.lang.reflect.Constructor.newInstanceWithCaller(Constructor.java:502)
at java.base/java.lang.reflect.Constructor.newInstance(Constructor.java:486)
at org.openqa.selenium.remote.codec.w3c.W3CHttpResponseCodec.createException(W3CHttpResponseCodec.java:200)
at org.openqa.selenium.remote.codec.w3c.W3CHttpResponseCodec.decode(W3CHttpResponseCodec.java:133)
at org.openqa.selenium.remote.codec.w3c.W3CHttpResponseCodec.decode(W3CHttpResponseCodec.java:53)
at org.openqa.selenium.remote.HttpCommandExecutor.execute(HttpCommandExecutor.java:184)
at org.openqa.selenium.remote.service.DriverCommandExecutor.invokeExecute(DriverCommandExecutor.java:167)
at org.openqa.selenium.remote.service.DriverCommandExecutor.execute(DriverCommandExecutor.java:142)
at org.openqa.selenium.remote.RemoteWebDriver.execute(RemoteWebDriver.java:567)
at org.openqa.selenium.remote.RemoteWebElement.execute(RemoteWebElement.java:251)
at org.openqa.selenium.remote.RemoteWebElement.click(RemoteWebElement.java:77)
at java.base/jdk.internal.reflect.DirectMethodHandleAccessor.invoke(DirectMethodHandleAccessor.java:103)
at java.base/java.lang.reflect.Method.invoke(Method.java:580)
at org.openqa.selenium.support.pagefactory.internal.LocatingElementHandler.invoke(LocatingElementHandler.java:52)
at jdk.proxy2/jdk.proxy2.$Proxy32.click(Unknown Source)
at com.evaa.chatbot.pom.BookAppointment.clickOnUserProfile(BookAppointment.java:546)
at com.evaa.chatbot.AppointmentCancelTest.logoutAdmin(AppointmentCancelTest.java:132)
at com.evaa.chatbot.AppointmentCancelTest.disableCancelAppointmentSettingsInPreferences(AppointmentCancelTest.java:163)
at java.base/jdk.internal.reflect.DirectMethodHandleAccessor.invoke(DirectMethodHandleAccessor.java:103)
at java.base/java.lang.reflect.Method.invoke(Method.java:580)
at org.testng.internal.MethodInvocationHelper.invokeMethod(MethodInvocationHelper.java:133)
at org.testng.internal.TestInvoker.invokeMethod(TestInvoker.java:598)
at org.testng.internal.TestInvoker.retryFailed(TestInvoker.java:213)
at org.testng.internal.MethodRunner.runInSequence(MethodRunner.java:58)
at org.testng.internal.TestInvoker$MethodInvocationAgent.invoke(TestInvoker.java:824)
at org.testng.internal.TestInvoker.invokeTestMethods(TestInvoker.java:146)
at org.testng.internal.TestMethodWorker.invokeTestMethods(TestMethodWorker.java:146)
at org.testng.internal.TestMethodWorker.run(TestMethodWorker.java:128)
at java.base/java.util.ArrayList.forEach(ArrayList.java:1596)
at org.testng.TestRunner.privateRun(TestRunner.java:794)
at org.testng.TestRunner.run(TestRunner.java:596)
at org.testng.SuiteRunner.runTest(SuiteRunner.java:377)
at org.testng.SuiteRunner.runSequentially(SuiteRunner.java:371)
at org.testng.SuiteRunner.privateRun(SuiteRunner.java:332)
at org.testng.SuiteRunner.run(SuiteRunner.java:276)
at org.testng.SuiteRunnerWorker.runSuite(SuiteRunnerWorker.java:53)
at org.testng.SuiteRunnerWorker.run(SuiteRunnerWorker.java:96)
at org.testng.TestNG.runSuitesSequentially(TestNG.java:1212)
at org.testng.TestNG.runSuitesLocally(TestNG.java:1134)
at org.testng.TestNG.runSuites(TestNG.java:1063)
at org.testng.TestNG.run(TestNG.java:1031)
at org.testng.remote.AbstractRemoteTestNG.run(AbstractRemoteTestNG.java:115)
at org.testng.remote.RemoteTestNG.initAndRun(RemoteTestNG.java:293)
at org.testng.remote.RemoteTestNG.main(RemoteTestNG.java:91)
]]>
    </error>
  </testcase> <!-- disableCancelAppointmentSettingsInPreferences -->
  <system-out/>
  <testcase classname="com.evaa.chatbot.AppointmentCancelTest" name="disableCancelAppointmentSettingsInPreferences" time="69.479">
    <skipped/>
  </testcase> <!-- disableCancelAppointmentSettingsInPreferences -->
  <system-out/>
  <testcase classname="com.evaa.chatbot.AppointmentCancelTest" name="TestCancelAppointmentDisable" time="8.971"/>
  <system-out/>
</testsuite> <!-- com.evaa.chatbot.AppointmentCancelTest -->
